[2022-09-02 12:14:33] getData: 0001
[2022-09-02 12:14:37] saveData: 0001
[2022-09-02 12:14:39] getData: 0001
[2022-09-02 12:14:59] getData: 0001
[2022-09-02 12:15:03] saveData: 0001
[2022-09-02 12:15:10] getData: 0001
[2022-09-02 12:15:32] getData: 0001
[2022-09-02 12:15:36] loadSalary: 0001
[2022-09-02 12:15:39] saveData: 0001
[2022-09-02 12:15:44] saveData: 0001
[2022-09-02 12:16:11] getData: 0001
[2022-09-02 12:16:15] getData: 0001
[2022-09-02 12:16:25] saveData: 0001
[2022-09-02 12:16:45] 0001 登入成功
[2022-09-02 12:16:46] getData: 0001
[2022-09-02 12:17:22] getData: 0001
[2022-09-02 12:17:33] getData: 0001
[2022-09-02 12:17:48] 0001 登入成功
[2022-09-02 12:17:52] getData: 0001
[2022-09-02 12:17:54] loadSalary: 0001
[2022-09-02 12:18:00] saveData: 0001
[2022-09-02 12:30:13] 0001 登入成功
[2022-09-02 12:30:14] getData: 0001
[2022-09-02 12:30:16] loadSalary: 0001
[2022-09-02 12:35:20] loadSalary: 0001
[2022-09-02 12:35:25] loadSalary: 0001
[2022-09-02 12:35:25] loadSalary: 0001
[2022-09-02 13:28:02] getData: 0001
[2022-09-02 13:28:03] loadSalary: 0001
[2022-09-02 13:28:53] updateDate: 0001
[2022-09-02 13:31:46] 0001 登入成功
[2022-09-02 13:31:46] getData: 0001
[2022-09-02 13:31:49] loadSalary: 0001
[2022-09-02 13:32:00] updateDate: 0001
[2022-09-02 13:36:15] 0001 登入成功
[2022-09-02 13:36:15] getData: 0001
[2022-09-02 13:36:17] loadSalary: 0001
[2022-09-02 13:36:28] updateDate: 0001
[2022-09-02 13:39:04] updateDate: 0001
[2022-09-02 13:39:36] getData: 0001
[2022-09-02 13:39:38] loadSalary: 0001
[2022-09-02 13:39:47] updateDate: 0001
[2022-09-02 13:41:37] getData: 0001
[2022-09-02 13:41:41] loadSalary: 0001
[2022-09-02 13:41:47] saveData: 
[2022-09-02 13:43:13] 0001 登入成功
[2022-09-02 13:43:14] getData: 0001
[2022-09-02 13:43:16] loadSalary: 0001
[2022-09-02 13:44:38] getData: 0001
[2022-09-02 13:44:42] loadSalary: 0001
[2022-09-02 13:44:49] updateDate: 0001
[2022-09-02 13:46:06] getData: 0001
[2022-09-02 13:46:07] loadSalary: 0001
[2022-09-02 13:46:17] updateDate: 0001
[2022-09-02 13:47:49] getData: 0001
[2022-09-02 13:47:50] loadSalary: 0001
[2022-09-02 13:47:56] updateDate: 0001
[2022-09-02 13:47:56] (SQL ERROR) [23000] SQLSTATE[23000]: Integrity constraint violation: 1062 Duplicate entry '0001-2022-09-02 05:47:56' for key 'PRIMARY'
UPDATE example.salary_history SET reason=?,salary=?,startDateTime=NOW() WHERE memId=?;
[2022-09-02 13:51:52] loadSalary: 0001
[2022-09-02 13:51:56] getData: 0001
[2022-09-02 13:51:57] loadSalary: 0001
[2022-09-02 13:52:08] updateDate: 0001
[2022-09-02 13:52:08] (SQL ERROR) [23000] SQLSTATE[23000]: Integrity constraint violation: 1062 Duplicate entry '0001-2022-09-02 05:52:08' for key 'PRIMARY'
UPDATE example.salary_history SET reason=?,salary=?,startDateTime=NOW() WHERE memId=?;
[2022-09-02 13:54:12] getData: 0001
[2022-09-02 13:54:14] loadSalary: 0001
[2022-09-02 13:54:25] updateDate: 0001
[2022-09-02 13:54:25] (SQL ERROR) [23000] SQLSTATE[23000]: Integrity constraint violation: 1062 Duplicate entry '0001-2022-09-02 05:54:25' for key 'PRIMARY'
UPDATE example.salary_history SET reason=?,salary=?,startDateTime=NOW() WHERE memId=?;
[2022-09-02 13:56:07] getData: 0001
[2022-09-02 13:56:07] loadSalary: 0001
[2022-09-02 13:56:19] updateDate: 0001
[2022-09-02 13:56:19] (SQL ERROR) [23000] SQLSTATE[23000]: Integrity constraint violation: 1062 Duplicate entry '0001-2022-09-02 05:56:19' for key 'PRIMARY'
UPDATE example.salary_history SET reason=?,salary=?,startDateTime=NOW() WHERE memId=?;
[2022-09-02 14:04:05] 0001 登入成功
[2022-09-02 14:04:06] getData: 0001
[2022-09-02 14:04:07] loadSalary: 0001
[2022-09-02 14:04:16] updateDate: 0001
[2022-09-02 14:04:38] getData: 0001
[2022-09-02 14:04:43] loadSalary: 0001
[2022-09-02 14:05:00] updateDate: 0001
[2022-09-02 14:05:45] getData: 0001
[2022-09-02 14:05:51] getData: 0001
[2022-09-02 14:05:52] loadSalary: 0001
[2022-09-02 14:06:04] updateDate: 0001
[2022-09-02 14:06:07] getData: 0001
[2022-09-02 14:06:15] loadSalary: 0001
[2022-09-02 14:06:22] loadSalary: 0001
[2022-09-02 14:09:20] 0001 登入成功
[2022-09-02 14:09:21] getData: 0001
[2022-09-02 14:09:24] loadSalary: 0001
[2022-09-02 14:09:34] updateDate: 0001
[2022-09-02 14:09:36] getData: 0001
[2022-09-02 14:09:39] loadSalary: 0001
[2022-09-02 14:09:46] loadSalary: 0001
[2022-09-02 14:09:48] loadSalary: 0001
[2022-09-02 14:09:51] loadSalary: 0001
[2022-09-02 14:09:52] loadSalary: 0001
[2022-09-02 14:09:56] getData: 0001
[2022-09-02 14:09:57] loadSalary: 0001
[2022-09-02 14:10:45] 0001 登入成功
[2022-09-02 14:10:45] getData: 0001
[2022-09-02 14:10:47] loadSalary: 0001
[2022-09-02 14:10:55] updateDate: 0001
[2022-09-02 14:10:59] getData: 0001
[2022-09-02 14:11:36] getData: 0001
[2022-09-02 14:11:37] loadSalary: 0001
[2022-09-02 14:11:39] loadSalary: 0001
[2022-09-02 14:11:58] updateDate: 0001
[2022-09-02 14:12:00] getData: 0001
[2022-09-02 14:12:02] loadSalary: 0001
[2022-09-02 14:12:04] getData: 0001
[2022-09-02 14:13:37] getData: 0001
[2022-09-02 14:13:39] loadSalary: 0001
[2022-09-02 14:14:10] loadSalary: 0001
[2022-09-02 14:16:26] 0001 登入成功
[2022-09-02 14:16:26] getData: 0001
[2022-09-02 14:16:27] loadSalary: 0001
[2022-09-02 14:16:38] updateDate: 0001
[2022-09-02 14:16:39] getData: 0001
[2022-09-02 14:16:41] loadSalary: 0001
[2022-09-02 14:16:45] loadSalary: 0001
[2022-09-02 14:16:46] loadSalary: 0001
[2022-09-02 14:17:26] updateDate: 0001
[2022-09-02 14:17:31] getData: 0001
[2022-09-02 14:17:36] loadSalary: 0001
[2022-09-02 14:17:38] loadSalary: 0001
[2022-09-02 14:17:40] saveData: 0001
[2022-09-02 14:17:53] getData: 0001
[2022-09-02 14:17:55] loadSalary: 0001
[2022-09-02 14:17:57] loadSalary: 0001
[2022-09-02 14:18:07] updateDate: 0001
[2022-09-02 14:18:08] getData: 0001
[2022-09-02 14:18:10] loadSalary: 0001
[2022-09-02 14:19:09] loadSalary: 0001
[2022-09-02 14:19:18] updateDate: 0001
[2022-09-02 14:19:20] getData: 0001
[2022-09-02 14:21:15] getData: 0001
[2022-09-02 14:21:18] getData: 0001
[2022-09-02 14:21:18] loadSalary: 0001
[2022-09-02 14:21:31] updateDate: 0001
[2022-09-02 14:21:31] (SQL ERROR) [23000] SQLSTATE[23000]: Integrity constraint violation: 1062 Duplicate entry '0001-2022-09-02 06:21:31' for key 'PRIMARY'
UPDATE example.salary_history SET reason=?,salary=?,startDateTime=NOW() WHERE memId=?;
[2022-09-02 14:21:53] loadSalary: 0001
[2022-09-02 14:22:48] getData: 0001
[2022-09-02 14:22:49] loadSalary: 0001
[2022-09-02 14:22:56] updateDate: 0001
[2022-09-02 14:22:56] (SQL ERROR) [42000] SQLSTATE[42000]: Syntax error or access violation: 1064 You have an error in your SQL syntax; check the manual that corresponds to your MariaDB server version for the right syntax to use near 'WHERE memId='0001' && startDateTime=NOW()' at line 1
UPDATE example.salary_history SET reason=?,salary=?, WHERE memId=? && startDateTime=NOW();
[2022-09-02 14:26:53] getData: 0001
[2022-09-02 14:26:54] loadSalary: 0001
[2022-09-02 14:27:00] insertDate: 0001
[2022-09-02 14:27:52] getData: 0001
[2022-09-02 14:27:53] loadSalary: 0001
[2022-09-02 14:28:02] insertDate: 0001
[2022-09-02 14:29:09] getData: 0001
[2022-09-02 14:29:16] 00001 登入失敗
[2022-09-02 14:29:25] 0001 登入成功
[2022-09-02 14:29:26] getData: 0001
[2022-09-02 14:29:27] loadSalary: 0001
[2022-09-02 14:29:36] insertData: 0001
[2022-09-02 14:29:36] (SQL ERROR) [42000] SQLSTATE[42000]: Syntax error or access violation: 1064 You have an error in your SQL syntax; check the manual that corresponds to your MariaDB server version for the right syntax to use near 'WHERE memId='0001' and startDateTime=NOW()' at line 1
INSERT INTO example.salary_history SET reason=?,salary=?, WHERE memId=? and startDateTime=NOW();
[2022-09-02 14:32:45] getData: 0001
[2022-09-02 14:32:45] loadSalary: 0001
[2022-09-02 14:33:03] insertData: 0001
[2022-09-02 14:33:40] getData: 0001
[2022-09-02 14:33:41] loadSalary: 0001
[2022-09-02 14:33:50] insertData: 0001
[2022-09-02 14:33:51] insertData: 0001
[2022-09-02 14:35:08] getData: 0001
[2022-09-02 14:35:17] loadSalary: 0001
[2022-09-02 14:35:28] insertData: 0001
[2022-09-02 14:36:33] getData: 0001
[2022-09-02 14:36:34] loadSalary: 0001
[2022-09-02 14:36:40] insertData: 0001
[2022-09-02 14:36:56] getData: 0001
[2022-09-02 14:36:56] loadSalary: 0001
[2022-09-02 14:37:03] insertData: 0001
[2022-09-02 14:37:29] getData: 0001
[2022-09-02 14:37:31] loadSalary: 0001
[2022-09-02 14:37:43] insertData: 0001
[2022-09-02 14:37:45] getData: 0001
[2022-09-02 14:37:47] loadSalary: 0001
[2022-09-02 14:38:04] loadSalary: 0001
[2022-09-02 14:38:05] loadSalary: 0001
[2022-09-02 14:38:07] loadSalary: 0001
[2022-09-02 14:38:08] loadSalary: 0001
[2022-09-02 14:38:09] loadSalary: 0001
[2022-09-02 14:43:31] getData: 0001
[2022-09-02 14:43:33] loadSalary: 0001
[2022-09-02 14:43:41] insertData: 0001
[2022-09-02 14:44:49] getData: 0001
[2022-09-02 14:44:50] loadSalary: 0001
[2022-09-02 14:44:58] insertData: 0001
[2022-09-02 14:46:07] getData: 0001
[2022-09-02 14:46:08] loadSalary: 0001
[2022-09-02 14:46:10] loadSalary: 0001
[2022-09-02 14:46:12] loadSalary: 0001
[2022-09-02 14:46:12] loadSalary: 0001
[2022-09-02 14:46:18] insertData: 0001
[2022-09-02 14:48:26] getData: 0001
[2022-09-02 14:48:27] loadSalary: 0001
[2022-09-02 14:48:35] insertData: 0001
[2022-09-02 14:51:19] loadSalary: 0001
[2022-09-02 14:51:19] getData: 0001
[2022-09-02 14:51:23] loadSalary: 0001
[2022-09-02 14:51:32] insertData: 0001
[2022-09-02 14:52:19] getData: 0001
[2022-09-02 14:52:19] loadSalary: 0001
[2022-09-02 14:52:29] insertData: 0001
[2022-09-02 14:53:50] getData: 0001
[2022-09-02 14:54:19] getData: 0001
[2022-09-02 14:54:20] loadSalary: 0001
[2022-09-02 14:54:26] insertData: 0001
[2022-09-02 14:54:35] loadSalary: 0001
[2022-09-02 14:55:25] getData: 0001
[2022-09-02 14:55:25] loadSalary: 0001
[2022-09-02 14:55:28] loadSalary: 0001
[2022-09-02 14:55:35] insertData: 0001
[2022-09-02 14:56:20] getData: 0001
[2022-09-02 14:56:22] loadSalary: 0001
[2022-09-02 14:56:28] insertData: 0001
[2022-09-02 14:56:29] getData: 0001
[2022-09-02 14:56:32] loadSalary: 0001
[2022-09-02 15:00:40] getData: 0001
[2022-09-02 15:00:40] loadSalary: 0001
[2022-09-02 15:00:46] insertData: 0001
[2022-09-02 15:01:42] getData: 0001
[2022-09-02 15:01:43] loadSalary: 0001
[2022-09-02 15:01:45] loadSalary: 0001
[2022-09-02 15:01:53] insertData: 0001
[2022-09-02 15:01:54] loadSalary: 0001
[2022-09-02 15:02:14] loadSalary: 0001
[2022-09-02 15:02:15] loadSalary: 0001
[2022-09-02 15:02:16] loadSalary: 0001
[2022-09-02 15:19:22] loadSalary: 0001
[2022-09-02 15:19:30] 0002 登入成功
[2022-09-02 15:19:30] getData: 0002
[2022-09-02 15:19:32] loadSalary: 0002
[2022-09-02 15:19:33] loadSalary: 0002
[2022-09-02 15:19:34] loadSalary: 0002
[2022-09-02 15:50:53] getData: 0002
[2022-09-02 15:50:54] loadSalary: 0002
[2022-09-02 15:51:02] insertData: 0002
[2022-09-02 15:51:04] loadSalary: 0002
